e:\projects\cocos\pokereliminate\proj.win32\debug.win32\main.obj
e:\projects\cocos\pokereliminate\proj.win32\debug.win32\appdelegate.obj
e:\projects\cocos\pokereliminate\proj.win32\debug.win32\helloworldscene.obj
e:\projects\cocos\pokereliminate\proj.win32\debug.win32\vc143.pdb
e:\projects\cocos\pokereliminate\proj.win32\debug.win32\gamecontroller.obj
e:\projects\cocos\pokereliminate\proj.win32\debug.win32\cardmodel.obj
e:\projects\cocos\pokereliminate\proj.win32\debug.win32\gameview.obj
e:\projects\cocos\pokereliminate\proj.win32\debug.win32\cardview.obj
e:\projects\cocos\pokereliminate\proj.win32\debug.win32\cardcontroller.obj
e:\projects\cocos\pokereliminate\proj.win32\debug.win32\levelconfigloader.obj
e:\projects\cocos\pokereliminate\proj.win32\debug.win32\jsoncpp.obj
e:\projects\cocos\pokereliminate\proj.win32\debug.win32\pokereliminate.lib
e:\projects\cocos\pokereliminate\proj.win32\debug.win32\pokereliminate.exp
e:\projects\cocos\pokereliminate\proj.win32\debug.win32\pokereliminate.exe
e:\projects\cocos\pokereliminate\proj.win32\debug.win32\pokereliminate.ilk
e:\projects\cocos\pokereliminate\proj.win32\debug.win32\pokereliminate.pdb
e:\projects\cocos\pokereliminate\proj.win32\debug.win32\game.res
e:\projects\cocos\pokereliminate\proj.win32\debug.win32\libcocos2d.exp
e:\projects\cocos\pokereliminate\proj.win32\debug.win32\libspine.idb
e:\projects\cocos\pokereliminate\proj.win32\debug.win32\vc143.idb
e:\projects\cocos\pokereliminate\proj.win32\debug.win32\libcocos2d.pdb
e:\projects\cocos\pokereliminate\proj.win32\debug.win32\librecast.pdb
e:\projects\cocos\pokereliminate\proj.win32\debug.win32\libspine.pdb
e:\projects\cocos\pokereliminate\proj.win32\debug.win32\pokereliminate.tlog\cl.command.1.tlog
e:\projects\cocos\pokereliminate\proj.win32\debug.win32\pokereliminate.tlog\cl.items.tlog
e:\projects\cocos\pokereliminate\proj.win32\debug.win32\pokereliminate.tlog\cl.read.1.tlog
e:\projects\cocos\pokereliminate\proj.win32\debug.win32\pokereliminate.tlog\cl.write.1.tlog
e:\projects\cocos\pokereliminate\proj.win32\debug.win32\pokereliminate.tlog\link.command.1.tlog
e:\projects\cocos\pokereliminate\proj.win32\debug.win32\pokereliminate.tlog\link.read.1.tlog
e:\projects\cocos\pokereliminate\proj.win32\debug.win32\pokereliminate.tlog\link.write.1.tlog
e:\projects\cocos\pokereliminate\proj.win32\debug.win32\pokereliminate.tlog\link.write.2u.tlog
e:\projects\cocos\pokereliminate\proj.win32\debug.win32\pokereliminate.tlog\rc.command.1.tlog
e:\projects\cocos\pokereliminate\proj.win32\debug.win32\pokereliminate.tlog\rc.read.1.tlog
e:\projects\cocos\pokereliminate\proj.win32\debug.win32\pokereliminate.tlog\rc.write.1.tlog
